<?xml version="1.0" encoding="UTF-8" ?>
<testsuite failures="0" time="0.041" errors="0" skipped="12" tests="14" name="edu.arizona.kra.aft.RunCukesTest">
  <properties>
[...]
</properties>
  <testcase time="0.002" classname="Given I am logged in as an IRB Administrator   " name="Given I am logged in as an IRB Administrator   "/>
  <testcase time="0.003" classname="When I create an IRB Protocol    " name="When I create an IRB Protocol    ">
    <skipped/>
  </testcase>
  <testcase time="0.003" classname="And I add all of the required fields     " name="And I add all of the required fields     ">
    <skipped/>
  </testcase>
  <testcase time="0.004" classname="And I submit the protocol with an Expedited review type      " name="And I submit the protocol with an Expedited review type      ">
    <skipped/>
  </testcase>
  <testcase time="0.004" classname="Then a new protocol document should be created       " name="Then a new protocol document should be created       ">
    <skipped/>
  </testcase>
  <testcase time="0.005" classname="And the document status should be Submitted to IRB        " name="And the document status should be Submitted to IRB        ">
    <skipped/>
  </testcase>
  <testcase time="0.005" classname="And the submission status should be Submitted to Committee         " name="And the submission status should be Submitted to Committee         ">
    <skipped/>
  </testcase>
  <testcase time="0.006" classname="Scenario: Submit Expedited IRB Protocol with Valid Required Information  " name="Scenario: Submit Expedited IRB Protocol with Valid Required Information  ">
    <skipped/>
  </testcase>
  <testcase time="0" classname="Given I am logged in as an IRB Administrator           " name="Given I am logged in as an IRB Administrator           "/>
  <testcase time="0.001" classname="When I create an IRB Protocol            " name="When I create an IRB Protocol            ">
    <skipped/>
  </testcase>
  <testcase time="0.001" classname="And miss one of the required fields             " name="And miss one of the required fields             ">
    <skipped/>
  </testcase>
  <testcase time="0.002" classname="And I submit the protocol with an Expedited review type              " name="And I submit the protocol with an Expedited review type              ">
    <skipped/>
  </testcase>
  <testcase time="0.002" classname="Then an error should appear saying the field is required               " name="Then an error should appear saying the field is required               ">
    <skipped/>
  </testcase>
  <testcase time="0.003" classname="Scenario: Submit Expedited IRB Protocol Missing Required Information          " name="Scenario: Submit Expedited IRB Protocol Missing Required Information          ">
    <skipped/>
  </testcase>
</testsuite>